<?xml version="1.0" encoding="UTF-8"?>
<coverage generated="1702050794591" clover="3.2.0">
  <project timestamp="1702050794591" name="All files">
    <metrics statements="456" coveredstatements="446" conditionals="53" coveredconditionals="52" methods="22" coveredmethods="21" elements="531" coveredelements="519" complexity="0" loc="456" ncloc="456" packages="9" files="13" classes="13"/>
    <package name="src">
      <metrics statements="40" coveredstatements="30" conditionals="2" coveredconditionals="1" methods="2" coveredmethods="1"/>
      <file name="App.jsx" path="/Users/robinnguyen/Desktop/Strajk-bowling/src/App.jsx">
        <metrics statements="13" coveredstatements="13" conditionals="1" coveredconditionals="1" methods="1" coveredmethods="1"/>
        <line num="1" count="1" type="stmt"/>
        <line num="2" count="1" type="stmt"/>
        <line num="3" count="1" type="stmt"/>
        <line num="4" count="1" type="stmt"/>
        <line num="5" count="1" type="cond" truecount="1" falsecount="0"/>
        <line num="6" count="1" type="stmt"/>
        <line num="7" count="1" type="stmt"/>
        <line num="8" count="1" type="stmt"/>
        <line num="9" count="1" type="stmt"/>
        <line num="10" count="1" type="stmt"/>
        <line num="11" count="1" type="stmt"/>
        <line num="12" count="1" type="stmt"/>
        <line num="13" count="1" type="stmt"/>
      </file>
      <file name="main.jsx" path="/Users/robinnguyen/Desktop/Strajk-bowling/src/main.jsx">
        <metrics statements="10" coveredstatements="0" conditionals="1" coveredconditionals="0" methods="1" coveredmethods="0"/>
        <line num="1" count="0" type="cond" truecount="0" falsecount="1"/>
        <line num="2" count="0" type="stmt"/>
        <line num="3" count="0" type="stmt"/>
        <line num="4" count="0" type="stmt"/>
        <line num="5" count="0" type="stmt"/>
        <line num="6" count="0" type="stmt"/>
        <line num="7" count="0" type="stmt"/>
        <line num="8" count="0" type="stmt"/>
        <line num="9" count="0" type="stmt"/>
        <line num="10" count="0" type="stmt"/>
      </file>
      <file name="router.jsx" path="/Users/robinnguyen/Desktop/Strajk-bowling/src/router.jsx">
        <metrics statements="17" coveredstatements="17" conditionals="0" coveredconditionals="0" methods="0" coveredmethods="0"/>
        <line num="1" count="1" type="stmt"/>
        <line num="2" count="1" type="stmt"/>
        <line num="3" count="1" type="stmt"/>
        <line num="4" count="1" type="stmt"/>
        <line num="5" count="1" type="stmt"/>
        <line num="6" count="1" type="stmt"/>
        <line num="7" count="1" type="stmt"/>
        <line num="8" count="1" type="stmt"/>
        <line num="9" count="1" type="stmt"/>
        <line num="10" count="1" type="stmt"/>
        <line num="11" count="1" type="stmt"/>
        <line num="12" count="1" type="stmt"/>
        <line num="13" count="1" type="stmt"/>
        <line num="14" count="1" type="stmt"/>
        <line num="15" count="1" type="stmt"/>
        <line num="16" count="1" type="stmt"/>
        <line num="17" count="1" type="stmt"/>
      </file>
    </package>
    <package name="src.components.BookingInfo">
      <metrics statements="47" coveredstatements="47" conditionals="1" coveredconditionals="1" methods="1" coveredmethods="1"/>
      <file name="BookingInfo.jsx" path="/Users/robinnguyen/Desktop/Strajk-bowling/src/components/BookingInfo/BookingInfo.jsx">
        <metrics statements="47" coveredstatements="47" conditionals="1" coveredconditionals="1" methods="1" coveredmethods="1"/>
        <line num="1" count="1" type="stmt"/>
        <line num="2" count="1" type="stmt"/>
        <line num="3" count="1" type="stmt"/>
        <line num="4" count="1" type="stmt"/>
        <line num="5" count="37" type="cond" truecount="1" falsecount="0"/>
        <line num="6" count="37" type="stmt"/>
        <line num="7" count="37" type="stmt"/>
        <line num="8" count="37" type="stmt"/>
        <line num="9" count="37" type="stmt"/>
        <line num="10" count="37" type="stmt"/>
        <line num="11" count="37" type="stmt"/>
        <line num="12" count="37" type="stmt"/>
        <line num="13" count="37" type="stmt"/>
        <line num="14" count="37" type="stmt"/>
        <line num="15" count="37" type="stmt"/>
        <line num="16" count="37" type="stmt"/>
        <line num="17" count="37" type="stmt"/>
        <line num="18" count="37" type="stmt"/>
        <line num="19" count="37" type="stmt"/>
        <line num="20" count="37" type="stmt"/>
        <line num="21" count="37" type="stmt"/>
        <line num="22" count="37" type="stmt"/>
        <line num="23" count="37" type="stmt"/>
        <line num="24" count="37" type="stmt"/>
        <line num="25" count="37" type="stmt"/>
        <line num="26" count="37" type="stmt"/>
        <line num="27" count="37" type="stmt"/>
        <line num="28" count="37" type="stmt"/>
        <line num="29" count="37" type="stmt"/>
        <line num="30" count="37" type="stmt"/>
        <line num="31" count="37" type="stmt"/>
        <line num="32" count="37" type="stmt"/>
        <line num="33" count="37" type="stmt"/>
        <line num="34" count="37" type="stmt"/>
        <line num="35" count="37" type="stmt"/>
        <line num="36" count="37" type="stmt"/>
        <line num="37" count="37" type="stmt"/>
        <line num="38" count="37" type="stmt"/>
        <line num="39" count="37" type="stmt"/>
        <line num="40" count="37" type="stmt"/>
        <line num="41" count="37" type="stmt"/>
        <line num="42" count="37" type="stmt"/>
        <line num="43" count="37" type="stmt"/>
        <line num="44" count="37" type="stmt"/>
        <line num="45" count="37" type="stmt"/>
        <line num="46" count="1" type="stmt"/>
        <line num="47" count="1" type="stmt"/>
      </file>
    </package>
    <package name="src.components.ErrorMessage">
      <metrics statements="14" coveredstatements="14" conditionals="1" coveredconditionals="1" methods="1" coveredmethods="1"/>
      <file name="ErrorMessage.jsx" path="/Users/robinnguyen/Desktop/Strajk-bowling/src/components/ErrorMessage/ErrorMessage.jsx">
        <metrics statements="14" coveredstatements="14" conditionals="1" coveredconditionals="1" methods="1" coveredmethods="1"/>
        <line num="1" count="1" type="stmt"/>
        <line num="2" count="1" type="stmt"/>
        <line num="3" count="2" type="cond" truecount="1" falsecount="0"/>
        <line num="4" count="2" type="stmt"/>
        <line num="5" count="2" type="stmt"/>
        <line num="6" count="2" type="stmt"/>
        <line num="7" count="2" type="stmt"/>
        <line num="8" count="2" type="stmt"/>
        <line num="9" count="2" type="stmt"/>
        <line num="10" count="2" type="stmt"/>
        <line num="11" count="2" type="stmt"/>
        <line num="12" count="2" type="stmt"/>
        <line num="13" count="1" type="stmt"/>
        <line num="14" count="1" type="stmt"/>
      </file>
    </package>
    <package name="src.components.Input">
      <metrics statements="30" coveredstatements="30" conditionals="5" coveredconditionals="5" methods="1" coveredmethods="1"/>
      <file name="Input.jsx" path="/Users/robinnguyen/Desktop/Strajk-bowling/src/components/Input/Input.jsx">
        <metrics statements="30" coveredstatements="30" conditionals="5" coveredconditionals="5" methods="1" coveredmethods="1"/>
        <line num="1" count="1" type="stmt"/>
        <line num="2" count="1" type="stmt"/>
        <line num="3" count="220" type="cond" truecount="1" falsecount="0"/>
        <line num="4" count="220" type="stmt"/>
        <line num="5" count="220" type="stmt"/>
        <line num="6" count="220" type="stmt"/>
        <line num="7" count="220" type="stmt"/>
        <line num="8" count="220" type="stmt"/>
        <line num="9" count="220" type="stmt"/>
        <line num="10" count="220" type="stmt"/>
        <line num="11" count="220" type="stmt"/>
        <line num="12" count="220" type="stmt"/>
        <line num="13" count="220" type="stmt"/>
        <line num="14" count="220" type="stmt"/>
        <line num="15" count="220" type="stmt"/>
        <line num="16" count="220" type="stmt"/>
        <line num="17" count="220" type="stmt"/>
        <line num="18" count="220" type="stmt"/>
        <line num="19" count="220" type="cond" truecount="2" falsecount="0"/>
        <line num="20" count="220" type="stmt"/>
        <line num="21" count="220" type="stmt"/>
        <line num="22" count="220" type="cond" truecount="2" falsecount="0"/>
        <line num="23" count="220" type="stmt"/>
        <line num="24" count="220" type="stmt"/>
        <line num="25" count="220" type="stmt"/>
        <line num="26" count="220" type="stmt"/>
        <line num="27" count="220" type="stmt"/>
        <line num="28" count="220" type="stmt"/>
        <line num="29" count="1" type="stmt"/>
        <line num="30" count="1" type="stmt"/>
      </file>
    </package>
    <package name="src.components.Navigation">
      <metrics statements="45" coveredstatements="45" conditionals="10" coveredconditionals="10" methods="4" coveredmethods="4"/>
      <file name="Navigation.jsx" path="/Users/robinnguyen/Desktop/Strajk-bowling/src/components/Navigation/Navigation.jsx">
        <metrics statements="45" coveredstatements="45" conditionals="10" coveredconditionals="10" methods="4" coveredmethods="4"/>
        <line num="1" count="1" type="stmt"/>
        <line num="2" count="1" type="stmt"/>
        <line num="3" count="1" type="stmt"/>
        <line num="4" count="1" type="stmt"/>
        <line num="5" count="1" type="stmt"/>
        <line num="6" count="54" type="cond" truecount="1" falsecount="0"/>
        <line num="7" count="54" type="stmt"/>
        <line num="8" count="54" type="stmt"/>
        <line num="9" count="54" type="stmt"/>
        <line num="10" count="54" type="stmt"/>
        <line num="11" count="54" type="stmt"/>
        <line num="12" count="54" type="stmt"/>
        <line num="13" count="54" type="cond" truecount="2" falsecount="0"/>
        <line num="14" count="54" type="stmt"/>
        <line num="15" count="54" type="stmt"/>
        <line num="16" count="54" type="stmt"/>
        <line num="17" count="54" type="stmt"/>
        <line num="18" count="54" type="stmt"/>
        <line num="19" count="54" type="cond" truecount="1" falsecount="0"/>
        <line num="20" count="7" type="stmt"/>
        <line num="21" count="7" type="stmt"/>
        <line num="22" count="54" type="stmt"/>
        <line num="23" count="54" type="stmt"/>
        <line num="24" count="54" type="stmt"/>
        <line num="25" count="54" type="cond" truecount="2" falsecount="0"/>
        <line num="26" count="54" type="cond" truecount="1" falsecount="0"/>
        <line num="27" count="2" type="stmt"/>
        <line num="28" count="2" type="stmt"/>
        <line num="29" count="54" type="stmt"/>
        <line num="30" count="54" type="stmt"/>
        <line num="31" count="54" type="stmt"/>
        <line num="32" count="54" type="stmt"/>
        <line num="33" count="54" type="stmt"/>
        <line num="34" count="54" type="cond" truecount="2" falsecount="0"/>
        <line num="35" count="54" type="cond" truecount="1" falsecount="0"/>
        <line num="36" count="2" type="stmt"/>
        <line num="37" count="2" type="stmt"/>
        <line num="38" count="54" type="stmt"/>
        <line num="39" count="54" type="stmt"/>
        <line num="40" count="54" type="stmt"/>
        <line num="41" count="54" type="stmt"/>
        <line num="42" count="54" type="stmt"/>
        <line num="43" count="54" type="stmt"/>
        <line num="44" count="1" type="stmt"/>
        <line num="45" count="1" type="stmt"/>
      </file>
    </package>
    <package name="src.components.Shoes">
      <metrics statements="51" coveredstatements="51" conditionals="4" coveredconditionals="4" methods="3" coveredmethods="3"/>
      <file name="Shoes.jsx" path="/Users/robinnguyen/Desktop/Strajk-bowling/src/components/Shoes/Shoes.jsx">
        <metrics statements="51" coveredstatements="51" conditionals="4" coveredconditionals="4" methods="3" coveredmethods="3"/>
        <line num="1" count="1" type="stmt"/>
        <line num="2" count="1" type="stmt"/>
        <line num="3" count="1" type="stmt"/>
        <line num="4" count="1" type="stmt"/>
        <line num="5" count="1" type="stmt"/>
        <line num="6" count="41" type="cond" truecount="1" falsecount="0"/>
        <line num="7" count="41" type="cond" truecount="1" falsecount="0"/>
        <line num="8" count="60" type="stmt"/>
        <line num="9" count="60" type="stmt"/>
        <line num="10" count="60" type="stmt"/>
        <line num="11" count="60" type="stmt"/>
        <line num="12" count="60" type="stmt"/>
        <line num="13" count="60" type="stmt"/>
        <line num="14" count="60" type="stmt"/>
        <line num="15" count="60" type="stmt"/>
        <line num="16" count="60" type="stmt"/>
        <line num="17" count="60" type="stmt"/>
        <line num="18" count="60" type="stmt"/>
        <line num="19" count="60" type="stmt"/>
        <line num="20" count="60" type="stmt"/>
        <line num="21" count="60" type="cond" truecount="1" falsecount="0"/>
        <line num="22" count="2" type="stmt"/>
        <line num="23" count="2" type="stmt"/>
        <line num="24" count="60" type="stmt"/>
        <line num="25" count="60" type="stmt"/>
        <line num="26" count="60" type="stmt"/>
        <line num="27" count="60" type="stmt"/>
        <line num="28" count="60" type="stmt"/>
        <line num="29" count="60" type="stmt"/>
        <line num="30" count="60" type="stmt"/>
        <line num="31" count="41" type="stmt"/>
        <line num="32" count="41" type="stmt"/>
        <line num="33" count="41" type="stmt"/>
        <line num="34" count="41" type="stmt"/>
        <line num="35" count="41" type="stmt"/>
        <line num="36" count="41" type="stmt"/>
        <line num="37" count="41" type="stmt"/>
        <line num="38" count="41" type="stmt"/>
        <line num="39" count="41" type="stmt"/>
        <line num="40" count="41" type="stmt"/>
        <line num="41" count="41" type="cond" truecount="1" falsecount="0"/>
        <line num="42" count="11" type="stmt"/>
        <line num="43" count="11" type="stmt"/>
        <line num="44" count="41" type="stmt"/>
        <line num="45" count="41" type="stmt"/>
        <line num="46" count="41" type="stmt"/>
        <line num="47" count="41" type="stmt"/>
        <line num="48" count="41" type="stmt"/>
        <line num="49" count="41" type="stmt"/>
        <line num="50" count="1" type="stmt"/>
        <line num="51" count="1" type="stmt"/>
      </file>
    </package>
    <package name="src.components.Top">
      <metrics statements="13" coveredstatements="13" conditionals="1" coveredconditionals="1" methods="1" coveredmethods="1"/>
      <file name="Top.jsx" path="/Users/robinnguyen/Desktop/Strajk-bowling/src/components/Top/Top.jsx">
        <metrics statements="13" coveredstatements="13" conditionals="1" coveredconditionals="1" methods="1" coveredmethods="1"/>
        <line num="1" count="1" type="stmt"/>
        <line num="2" count="1" type="stmt"/>
        <line num="3" count="1" type="stmt"/>
        <line num="4" count="40" type="cond" truecount="1" falsecount="0"/>
        <line num="5" count="40" type="stmt"/>
        <line num="6" count="40" type="stmt"/>
        <line num="7" count="40" type="stmt"/>
        <line num="8" count="40" type="stmt"/>
        <line num="9" count="40" type="stmt"/>
        <line num="10" count="40" type="stmt"/>
        <line num="11" count="40" type="stmt"/>
        <line num="12" count="1" type="stmt"/>
        <line num="13" count="1" type="stmt"/>
      </file>
    </package>
    <package name="src.mocks">
      <metrics statements="32" coveredstatements="32" conditionals="3" coveredconditionals="3" methods="0" coveredmethods="0"/>
      <file name="handlers.js" path="/Users/robinnguyen/Desktop/Strajk-bowling/src/mocks/handlers.js">
        <metrics statements="15" coveredstatements="15" conditionals="1" coveredconditionals="1" methods="0" coveredmethods="0"/>
        <line num="1" count="1" type="stmt"/>
        <line num="2" count="1" type="stmt"/>
        <line num="3" count="1" type="stmt"/>
        <line num="4" count="1" type="cond" truecount="1" falsecount="0"/>
        <line num="5" count="1" type="stmt"/>
        <line num="6" count="1" type="stmt"/>
        <line num="7" count="1" type="stmt"/>
        <line num="8" count="1" type="stmt"/>
        <line num="9" count="1" type="stmt"/>
        <line num="10" count="1" type="stmt"/>
        <line num="11" count="1" type="stmt"/>
        <line num="12" count="1" type="stmt"/>
        <line num="13" count="1" type="stmt"/>
        <line num="14" count="1" type="stmt"/>
        <line num="15" count="1" type="stmt"/>
      </file>
      <file name="server.js" path="/Users/robinnguyen/Desktop/Strajk-bowling/src/mocks/server.js">
        <metrics statements="17" coveredstatements="17" conditionals="2" coveredconditionals="2" methods="0" coveredmethods="0"/>
        <line num="1" count="1" type="stmt"/>
        <line num="2" count="1" type="stmt"/>
        <line num="3" count="1" type="stmt"/>
        <line num="4" count="1" type="stmt"/>
        <line num="5" count="1" type="stmt"/>
        <line num="6" count="1" type="stmt"/>
        <line num="7" count="1" type="cond" truecount="1" falsecount="0"/>
        <line num="8" count="1" type="stmt"/>
        <line num="9" count="1" type="stmt"/>
        <line num="10" count="1" type="stmt"/>
        <line num="11" count="1" type="stmt"/>
        <line num="12" count="1" type="stmt"/>
        <line num="13" count="1" type="stmt"/>
        <line num="14" count="1" type="stmt"/>
        <line num="15" count="1" type="cond" truecount="1" falsecount="0"/>
        <line num="16" count="1" type="stmt"/>
        <line num="17" count="1" type="stmt"/>
      </file>
    </package>
    <package name="src.views">
      <metrics statements="184" coveredstatements="184" conditionals="26" coveredconditionals="26" methods="9" coveredmethods="9"/>
      <file name="Booking.jsx" path="/Users/robinnguyen/Desktop/Strajk-bowling/src/views/Booking.jsx">
        <metrics statements="120" coveredstatements="120" conditionals="23" coveredconditionals="23" methods="8" coveredmethods="8"/>
        <line num="1" count="1" type="stmt"/>
        <line num="2" count="1" type="stmt"/>
        <line num="3" count="1" type="stmt"/>
        <line num="4" count="1" type="stmt"/>
        <line num="5" count="1" type="stmt"/>
        <line num="6" count="1" type="stmt"/>
        <line num="7" count="1" type="stmt"/>
        <line num="8" count="1" type="stmt"/>
        <line num="9" count="1" type="stmt"/>
        <line num="10" count="1" type="stmt"/>
        <line num="11" count="32" type="cond" truecount="1" falsecount="0"/>
        <line num="12" count="32" type="stmt"/>
        <line num="13" count="32" type="stmt"/>
        <line num="14" count="32" type="stmt"/>
        <line num="15" count="32" type="stmt"/>
        <line num="16" count="32" type="stmt"/>
        <line num="17" count="32" type="stmt"/>
        <line num="18" count="32" type="stmt"/>
        <line num="19" count="32" type="stmt"/>
        <line num="20" count="32" type="stmt"/>
        <line num="21" count="32" type="stmt"/>
        <line num="22" count="32" type="cond" truecount="1" falsecount="0"/>
        <line num="23" count="8" type="stmt"/>
        <line num="24" count="8" type="stmt"/>
        <line num="25" count="8" type="stmt"/>
        <line num="26" count="8" type="cond" truecount="1" falsecount="0"/>
        <line num="27" count="8" type="stmt"/>
        <line num="28" count="8" type="stmt"/>
        <line num="29" count="8" type="stmt"/>
        <line num="30" count="8" type="stmt"/>
        <line num="31" count="32" type="stmt"/>
        <line num="32" count="32" type="cond" truecount="1" falsecount="0"/>
        <line num="33" count="3" type="stmt"/>
        <line num="34" count="3" type="stmt"/>
        <line num="35" count="3" type="stmt"/>
        <line num="36" count="3" type="stmt"/>
        <line num="37" count="3" type="cond" truecount="1" falsecount="0"/>
        <line num="38" count="3" type="cond" truecount="1" falsecount="0"/>
        <line num="39" count="9" type="cond" truecount="2" falsecount="0"/>
        <line num="40" count="3" type="stmt"/>
        <line num="41" count="3" type="stmt"/>
        <line num="42" count="3" type="stmt"/>
        <line num="43" count="3" type="stmt"/>
        <line num="44" count="32" type="stmt"/>
        <line num="45" count="32" type="cond" truecount="1" falsecount="0"/>
        <line num="46" count="10" type="stmt"/>
        <line num="47" count="10" type="stmt"/>
        <line num="48" count="10" type="stmt"/>
        <line num="49" count="10" type="stmt"/>
        <line num="50" count="32" type="stmt"/>
        <line num="51" count="32" type="cond" truecount="1" falsecount="0"/>
        <line num="52" count="1" type="stmt"/>
        <line num="53" count="1" type="stmt"/>
        <line num="54" count="1" type="cond" truecount="1" falsecount="0"/>
        <line num="55" count="1" type="stmt"/>
        <line num="56" count="32" type="stmt"/>
        <line num="57" count="32" type="cond" truecount="1" falsecount="0"/>
        <line num="58" count="1" type="stmt"/>
        <line num="59" count="1" type="stmt"/>
        <line num="60" count="1" type="stmt"/>
        <line num="61" count="1" type="stmt"/>
        <line num="62" count="1" type="stmt"/>
        <line num="63" count="1" type="stmt"/>
        <line num="64" count="1" type="stmt"/>
        <line num="65" count="1" type="stmt"/>
        <line num="66" count="1" type="stmt"/>
        <line num="67" count="1" type="stmt"/>
        <line num="68" count="1" type="stmt"/>
        <line num="69" count="1" type="stmt"/>
        <line num="70" count="1" type="stmt"/>
        <line num="71" count="1" type="stmt"/>
        <line num="72" count="32" type="stmt"/>
        <line num="73" count="32" type="cond" truecount="1" falsecount="0"/>
        <line num="74" count="2" type="stmt"/>
        <line num="75" count="2" type="stmt"/>
        <line num="76" count="32" type="stmt"/>
        <line num="77" count="32" type="cond" truecount="1" falsecount="0"/>
        <line num="78" count="3" type="stmt"/>
        <line num="79" count="3" type="cond" truecount="1" falsecount="0"/>
        <line num="80" count="2" type="cond" truecount="1" falsecount="0"/>
        <line num="81" count="2" type="cond" truecount="1" falsecount="0"/>
        <line num="82" count="2" type="cond" truecount="1" falsecount="0"/>
        <line num="83" count="2" type="stmt"/>
        <line num="84" count="3" type="cond" truecount="1" falsecount="0"/>
        <line num="85" count="1" type="stmt"/>
        <line num="86" count="1" type="stmt"/>
        <line num="87" count="1" type="stmt"/>
        <line num="88" count="1" type="stmt"/>
        <line num="89" count="1" type="cond" truecount="1" falsecount="0"/>
        <line num="90" count="1" type="stmt"/>
        <line num="91" count="1" type="stmt"/>
        <line num="92" count="1" type="stmt"/>
        <line num="93" count="1" type="stmt"/>
        <line num="94" count="1" type="stmt"/>
        <line num="95" count="1" type="stmt"/>
        <line num="96" count="3" type="cond" truecount="1" falsecount="0"/>
        <line num="97" count="2" type="stmt"/>
        <line num="98" count="2" type="stmt"/>
        <line num="99" count="3" type="stmt"/>
        <line num="100" count="32" type="stmt"/>
        <line num="101" count="32" type="stmt"/>
        <line num="102" count="32" type="stmt"/>
        <line num="103" count="32" type="stmt"/>
        <line num="104" count="32" type="stmt"/>
        <line num="105" count="32" type="stmt"/>
        <line num="106" count="32" type="stmt"/>
        <line num="107" count="32" type="stmt"/>
        <line num="108" count="32" type="stmt"/>
        <line num="109" count="32" type="stmt"/>
        <line num="110" count="32" type="stmt"/>
        <line num="111" count="32" type="stmt"/>
        <line num="112" count="32" type="stmt"/>
        <line num="113" count="32" type="stmt"/>
        <line num="114" count="32" type="stmt"/>
        <line num="115" count="32" type="cond" truecount="2" falsecount="0"/>
        <line num="116" count="32" type="stmt"/>
        <line num="117" count="32" type="stmt"/>
        <line num="118" count="32" type="stmt"/>
        <line num="119" count="1" type="stmt"/>
        <line num="120" count="1" type="stmt"/>
      </file>
      <file name="Confirmation.jsx" path="/Users/robinnguyen/Desktop/Strajk-bowling/src/views/Confirmation.jsx">
        <metrics statements="64" coveredstatements="64" conditionals="3" coveredconditionals="3" methods="1" coveredmethods="1"/>
        <line num="1" count="1" type="stmt"/>
        <line num="2" count="1" type="stmt"/>
        <line num="3" count="1" type="stmt"/>
        <line num="4" count="1" type="stmt"/>
        <line num="5" count="1" type="stmt"/>
        <line num="6" count="1" type="stmt"/>
        <line num="7" count="1" type="stmt"/>
        <line num="8" count="8" type="cond" truecount="1" falsecount="0"/>
        <line num="9" count="8" type="stmt"/>
        <line num="10" count="8" type="stmt"/>
        <line num="11" count="8" type="stmt"/>
        <line num="12" count="8" type="stmt"/>
        <line num="13" count="8" type="stmt"/>
        <line num="14" count="8" type="stmt"/>
        <line num="15" count="8" type="cond" truecount="1" falsecount="0"/>
        <line num="16" count="3" type="stmt"/>
        <line num="17" count="3" type="stmt"/>
        <line num="18" count="3" type="stmt"/>
        <line num="19" count="3" type="stmt"/>
        <line num="20" count="3" type="stmt"/>
        <line num="21" count="3" type="stmt"/>
        <line num="22" count="3" type="stmt"/>
        <line num="23" count="3" type="stmt"/>
        <line num="24" count="3" type="stmt"/>
        <line num="25" count="3" type="stmt"/>
        <line num="26" count="3" type="stmt"/>
        <line num="27" count="3" type="stmt"/>
        <line num="28" count="3" type="stmt"/>
        <line num="29" count="3" type="stmt"/>
        <line num="30" count="3" type="stmt"/>
        <line num="31" count="3" type="stmt"/>
        <line num="32" count="3" type="stmt"/>
        <line num="33" count="3" type="stmt"/>
        <line num="34" count="3" type="stmt"/>
        <line num="35" count="3" type="stmt"/>
        <line num="36" count="3" type="stmt"/>
        <line num="37" count="3" type="stmt"/>
        <line num="38" count="3" type="stmt"/>
        <line num="39" count="3" type="stmt"/>
        <line num="40" count="3" type="stmt"/>
        <line num="41" count="3" type="stmt"/>
        <line num="42" count="3" type="stmt"/>
        <line num="43" count="3" type="stmt"/>
        <line num="44" count="3" type="stmt"/>
        <line num="45" count="3" type="stmt"/>
        <line num="46" count="3" type="stmt"/>
        <line num="47" count="3" type="stmt"/>
        <line num="48" count="3" type="stmt"/>
        <line num="49" count="3" type="stmt"/>
        <line num="50" count="3" type="stmt"/>
        <line num="51" count="3" type="stmt"/>
        <line num="52" count="3" type="stmt"/>
        <line num="53" count="3" type="stmt"/>
        <line num="54" count="3" type="stmt"/>
        <line num="55" count="3" type="stmt"/>
        <line num="56" count="3" type="cond" truecount="1" falsecount="0"/>
        <line num="57" count="5" type="stmt"/>
        <line num="58" count="5" type="stmt"/>
        <line num="59" count="8" type="stmt"/>
        <line num="60" count="8" type="stmt"/>
        <line num="61" count="8" type="stmt"/>
        <line num="62" count="8" type="stmt"/>
        <line num="63" count="1" type="stmt"/>
        <line num="64" count="1" type="stmt"/>
      </file>
    </package>
  </project>
</coverage>
